#
# There is insufficient memory for the Java Runtime Environment to continue.
# Native memory allocation (malloc) failed to allocate 1048576 bytes for AllocateHeap
# Possible reasons:
#   The system is out of physical RAM or swap space
#   The process is running with CompressedOops enabled, and the Java Heap may be blocking the growth of the native heap
# Possible solutions:
#   Reduce memory load on the system
#   Increase physical memory or swap space
#   Check if swap backing store is full
#   Decrease Java heap size (-Xmx/-Xms)
#   Decrease number of Java threads
#   Decrease Java thread stack sizes (-Xss)
#   Set larger code cache with -XX:ReservedCodeCacheSize=
#   JVM is running with Unscaled Compressed Oops mode in which the Java heap is
#     placed in the first 4GB address space. The Java Heap base address is the
#     maximum limit for the native heap growth. Please use -XX:HeapBaseMinAddress
#     to set the Java Heap base and to place the Java Heap above 4GB virtual address.
# This output file may be truncated or incomplete.
#
#  Out of Memory Error (allocation.cpp:44), pid=11688, tid=12444
#
# JRE version:  (21.0.2+13) (build )
# Java VM: OpenJDK 64-Bit Server VM (21.0.2+13-58, mixed mode, sharing, tiered, compressed oops, compressed class ptrs, g1 gc, windows-amd64)
# No core dump will be written. Minidumps are not enabled by default on client versions of Windows
#

---------------  S U M M A R Y ------------

Command Line: -agentlib:jdwp=transport=dt_socket,address=127.0.0.1:50910,suspend=y,server=n -javaagent:C:\Users\match\AppData\Local\JetBrains\IntelliJIdea2024.1\captureAgent\debugger-agent.jar -Dfile.encoding=UTF-8 -Dsun.stdout.encoding=UTF-8 -Dsun.stderr.encoding=UTF-8 --module-path=C:\Users\match\.m2\repository\org\openjfx\javafx-graphics\21\javafx-graphics-21-win.jar;C:\Users\match\.m2\repository\org\openjfx\javafx-base\21\javafx-base-21-win.jar;C:\1Tugass\SEMESTER 2\PRAK PBO\CODELAB_MODUL_6\target\classes;C:\Users\match\.m2\repository\org\openjfx\javafx-fxml\21\javafx-fxml-21-win.jar;C:\Users\match\.m2\repository\org\openjfx\javafx-controls\21\javafx-controls-21-win.jar -Djdk.module.main=org.example.codelab_modul_6 org.example.codelab_modul_6/org.example.codelab_modul_6.FormLogin

Host: 11th Gen Intel(R) Core(TM) i5-1135G7 @ 2.40GHz, 8 cores, 7G,  Windows 11 , 64 bit Build 22621 (10.0.22621.3527)
Time: Wed May 29 12:12:23 2024 SE Asia Standard Time elapsed time: 0.038622 seconds (0d 0h 0m 0s)

---------------  T H R E A D  ---------------

Current thread (0x0000017076739910):  JavaThread "Unknown thread" [_thread_in_vm, id=12444, stack(0x0000003429700000,0x0000003429800000) (1024K)]

Stack: [0x0000003429700000,0x0000003429800000]
Native frames: (J=compiled Java code, j=interpreted, Vv=VM code, C=native code)
V  [jvm.dll+0x6cade9]
V  [jvm.dll+0x8569c1]
V  [jvm.dll+0x858d2e]
V  [jvm.dll+0x859413]
V  [jvm.dll+0x280e56]
V  [jvm.dll+0xbeb17]
V  [jvm.dll+0x3273b5]
V  [jvm.dll+0x81ef6d]
V  [jvm.dll+0x3bba01]
V  [jvm.dll+0x807928]
V  [jvm.dll+0x44f50e]
V  [jvm.dll+0x450e11]
C  [jli.dll+0x52a3]
C  [ucrtbase.dll+0x29333]
C  [KERNEL32.DLL+0x1257d]
C  [ntdll.dll+0x5aa48]


---------------  P R O C E S S  ---------------

Threads class SMR info:
_java_thread_list=0x00007ffc9140bb88, length=0, elements={
}

Java Threads: ( => current thread )
Total: 0

Other Threads:

=>0x0000017076739910 (exited) JavaThread "Unknown thread"    [_thread_in_vm, id=12444, stack(0x0000003429700000,0x0000003429800000) (1024K)]
Total: 1

Threads with active compile tasks:
Total: 0

VM state: not at safepoint (not fully initialized)

VM Mutex/Monitor currently owned by a thread: None

Heap address: 0x0000000000000000, size: 0 MB, Compressed Oops mode: 32-bit

CDS archive(s) mapped at: [0x0000000000000000-0x0000000000000000-0x0000000000000000), size 0, SharedBaseAddress: 0x0000000800000000, ArchiveRelocationMode: 1.
Narrow klass base: 0x0000000000000000, Narrow klass shift: 0, Narrow klass range: 0x0

GC Precious Log:
 CardTable entry size: 512
 Card Set container configuration: InlinePtr #cards 5 size 8 Array Of Cards #cards 12 size 40 Howl #buckets 4 coarsen threshold 1843 Howl Bitmap #cards 512 size 80 coarsen threshold 460 Card regions per heap region 1 cards per card region 2048

GC Heap History (0 events):
No events

Dll operation events (2 events):
Event: 0.028 Loaded shared library C:\Users\match\.jdks\openjdk-21.0.2\bin\java.dll
Event: 0.032 Loaded shared library C:\Users\match\.jdks\openjdk-21.0.2\bin\zip.dll

Deoptimization events (0 events):
No events

Classes loaded (0 events):
No events

Classes unloaded (0 events):
No events

Classes redefined (0 events):
No events

Internal exceptions (0 events):
No events

ZGC Phase Switch (0 events):
No events

VM Operations (0 events):
No events

Events (0 events):
No events


Dynamic libraries:
0x00007ff666d30000 - 0x00007ff666d3e000 	C:\Users\match\.jdks\openjdk-21.0.2\bin\java.exe
0x00007ffd202d0000 - 0x00007ffd204e7000 	C:\WINDOWS\SYSTEM32\ntdll.dll
0x00007ffd1edc0000 - 0x00007ffd1ee84000 	C:\WINDOWS\System32\KERNEL32.DLL
0x00007ffd1d5f0000 - 0x00007ffd1d997000 	C:\WINDOWS\System32\KERNELBASE.dll
0x00007ffd1db10000 - 0x00007ffd1dc21000 	C:\WINDOWS\System32\ucrtbase.dll
0x00007ffd0a270000 - 0x00007ffd0a288000 	C:\Users\match\.jdks\openjdk-21.0.2\bin\jli.dll
0x00007ffd0a250000 - 0x00007ffd0a26b000 	C:\Users\match\.jdks\openjdk-21.0.2\bin\VCRUNTIME140.dll
0x00007ffd1fc00000 - 0x00007ffd1fdae000 	C:\WINDOWS\System32\USER32.dll
0x00007ffd1dc30000 - 0x00007ffd1dc56000 	C:\WINDOWS\System32\win32u.dll
0x00007ffd1e780000 - 0x00007ffd1e7a9000 	C:\WINDOWS\System32\GDI32.dll
0x00007ffd04ff0000 - 0x00007ffd05283000 	C:\WINDOWS\WinSxS\amd64_microsoft.windows.common-controls_6595b64144ccf1df_6.0.22621.3527_none_270e469b73872a76\COMCTL32.dll
0x00007ffd1ddc0000 - 0x00007ffd1ded9000 	C:\WINDOWS\System32\gdi32full.dll
0x00007ffd1dee0000 - 0x00007ffd1df7a000 	C:\WINDOWS\System32\msvcp_win.dll
0x00007ffd1e610000 - 0x00007ffd1e6b7000 	C:\WINDOWS\System32\msvcrt.dll
0x00007ffd1f190000 - 0x00007ffd1f1c1000 	C:\WINDOWS\System32\IMM32.DLL
0x00007ffd15ea0000 - 0x00007ffd15eac000 	C:\Users\match\.jdks\openjdk-21.0.2\bin\vcruntime140_1.dll
0x00007ffd0a100000 - 0x00007ffd0a18e000 	C:\Users\match\.jdks\openjdk-21.0.2\bin\msvcp140.dll
0x00007ffc90840000 - 0x00007ffc91557000 	C:\Users\match\.jdks\openjdk-21.0.2\bin\server\jvm.dll
0x00007ffd1e6c0000 - 0x00007ffd1e772000 	C:\WINDOWS\System32\ADVAPI32.dll
0x00007ffd1fb50000 - 0x00007ffd1fbf8000 	C:\WINDOWS\System32\sechost.dll
0x00007ffd1dd90000 - 0x00007ffd1ddb8000 	C:\WINDOWS\System32\bcrypt.dll
0x00007ffd1f070000 - 0x00007ffd1f185000 	C:\WINDOWS\System32\RPCRT4.dll
0x00007ffd1f1d0000 - 0x00007ffd1f241000 	C:\WINDOWS\System32\WS2_32.dll
0x00007ffd1c470000 - 0x00007ffd1c4bd000 	C:\WINDOWS\SYSTEM32\POWRPROF.dll
0x00007ffd12da0000 - 0x00007ffd12dd4000 	C:\WINDOWS\SYSTEM32\WINMM.dll
0x00007ffd133d0000 - 0x00007ffd133da000 	C:\WINDOWS\SYSTEM32\VERSION.dll
0x00007ffd1c450000 - 0x00007ffd1c463000 	C:\WINDOWS\SYSTEM32\UMPDC.dll
0x00007ffd1c660000 - 0x00007ffd1c678000 	C:\WINDOWS\SYSTEM32\kernel.appcore.dll
0x00007ffd13a20000 - 0x00007ffd13a2a000 	C:\Users\match\.jdks\openjdk-21.0.2\bin\jimage.dll
0x00007ffd1af20000 - 0x00007ffd1b152000 	C:\WINDOWS\SYSTEM32\DBGHELP.DLL
0x00007ffd1e7b0000 - 0x00007ffd1eb38000 	C:\WINDOWS\System32\combase.dll
0x00007ffd1ef90000 - 0x00007ffd1f067000 	C:\WINDOWS\System32\OLEAUT32.dll
0x00007ffcef5f0000 - 0x00007ffcef622000 	C:\WINDOWS\SYSTEM32\dbgcore.DLL
0x00007ffd1df80000 - 0x00007ffd1dff9000 	C:\WINDOWS\System32\bcryptPrimitives.dll
0x00007ffd05eb0000 - 0x00007ffd05eec000 	C:\Users\match\.jdks\openjdk-21.0.2\bin\jdwp.dll
0x00007ffd15ed0000 - 0x00007ffd15edf000 	C:\Users\match\.jdks\openjdk-21.0.2\bin\instrument.dll
0x00007ffd0a230000 - 0x00007ffd0a24f000 	C:\Users\match\.jdks\openjdk-21.0.2\bin\java.dll
0x00007ffd0a0c0000 - 0x00007ffd0a0d8000 	C:\Users\match\.jdks\openjdk-21.0.2\bin\zip.dll

dbghelp: loaded successfully - version: 4.0.5 - missing functions: none
symbol engine: initialized successfully - sym options: 0x614 - pdb path: .;C:\Users\match\.jdks\openjdk-21.0.2\bin;C:\WINDOWS\SYSTEM32;C:\WINDOWS\WinSxS\amd64_microsoft.windows.common-controls_6595b64144ccf1df_6.0.22621.3527_none_270e469b73872a76;C:\Users\match\.jdks\openjdk-21.0.2\bin\server

VM Arguments:
jvm_args: -agentlib:jdwp=transport=dt_socket,address=127.0.0.1:50910,suspend=y,server=n -javaagent:C:\Users\match\AppData\Local\JetBrains\IntelliJIdea2024.1\captureAgent\debugger-agent.jar -Dfile.encoding=UTF-8 -Dsun.stdout.encoding=UTF-8 -Dsun.stderr.encoding=UTF-8 --module-path=C:\Users\match\.m2\repository\org\openjfx\javafx-graphics\21\javafx-graphics-21-win.jar;C:\Users\match\.m2\repository\org\openjfx\javafx-base\21\javafx-base-21-win.jar;C:\1Tugass\SEMESTER 2\PRAK PBO\CODELAB_MODUL_6\target\classes;C:\Users\match\.m2\repository\org\openjfx\javafx-fxml\21\javafx-fxml-21-win.jar;C:\Users\match\.m2\repository\org\openjfx\javafx-controls\21\javafx-controls-21-win.jar -Djdk.module.main=org.example.codelab_modul_6 
java_command: org.example.codelab_modul_6/org.example.codelab_modul_6.FormLogin
java_class_path (initial): C:\Users\match\.m2\repository\org\openjfx\javafx-controls\21\javafx-controls-21.jar;C:\Users\match\.m2\repository\org\openjfx\javafx-graphics\21\javafx-graphics-21.jar;C:\Users\match\.m2\repository\org\openjfx\javafx-base\21\javafx-base-21.jar;C:\Users\match\.m2\repository\org\openjfx\javafx-fxml\21\javafx-fxml-21.jar;C:\Program Files\JetBrains\IntelliJ IDEA 2023.3.2\lib\idea_rt.jar
Launcher Type: SUN_STANDARD

[Global flags]
     intx CICompilerCount                          = 4                                         {product} {ergonomic}
     uint ConcGCThreads                            = 2                                         {product} {ergonomic}
     uint G1ConcRefinementThreads                  = 8                                         {product} {ergonomic}
   size_t G1HeapRegionSize                         = 1048576                                   {product} {ergonomic}
    uintx GCDrainStackTargetSize                   = 64                                        {product} {ergonomic}
   size_t InitialHeapSize                          = 130023424                                 {product} {ergonomic}
   size_t MarkStackSize                            = 4194304                                   {product} {ergonomic}
   size_t MaxHeapSize                              = 2067791872                                {product} {ergonomic}
   size_t MinHeapDeltaBytes                        = 1048576                                   {product} {ergonomic}
   size_t MinHeapSize                              = 8388608                                   {product} {ergonomic}
    uintx NonNMethodCodeHeapSize                   = 5839372                                {pd product} {ergonomic}
    uintx NonProfiledCodeHeapSize                  = 122909434                              {pd product} {ergonomic}
    uintx ProfiledCodeHeapSize                     = 122909434                              {pd product} {ergonomic}
    uintx ReservedCodeCacheSize                    = 251658240                              {pd product} {ergonomic}
     bool SegmentedCodeCache                       = true                                      {product} {ergonomic}
   size_t SoftMaxHeapSize                          = 2067791872                             {manageable} {ergonomic}
     bool UseCompressedOops                        = true                           {product lp64_product} {ergonomic}
     bool UseG1GC                                  = true                                      {product} {ergonomic}
     bool UseLargePagesIndividualAllocation        = false                                  {pd product} {ergonomic}

Logging:
Log output configuration:
 #0: stdout all=warning uptime,level,tags foldmultilines=false
 #1: stderr all=off uptime,level,tags foldmultilines=false

Environment Variables:
JAVA_HOME=C:\Program Files\Java\javafx-sdk-22.0.0.10
PATH=c:\Users\match\AppData\Local\Programs\cursor\resources\app\bin;C:\Program Files\Eclipse Adoptium\jdk-21.0.2.13-hotspot\bin;C:\Program Files\Common Files\Oracle\Java\javapath;C:\Program Files (x86)\Falcon\MinGW\bin;C:\Windows\system32;C:\Windows;C:\Windows\System32\Wbem;C:\Windows\System32\WindowsPowerShell\v1.0\;C:\Windows\System32\OpenSSH\;C:\WINDOWS\system32;C:\WINDOWS;C:\WINDOWS\System32\Wbem;C:\WINDOWS\System32\WindowsPowerShell\v1.0\;C:\WINDOWS\System32\OpenSSH\;C:\MinGW\bin;C:\Program Files\Git\cmd;C:\Users\match\AppData\Local\Microsoft\WindowsApps;C:\Program Files\JetBrains\IntelliJ IDEA 2023.3.2\bin;C:\Program Files\JetBrains\IntelliJ IDEA Community Edition 2023.3.2\bin;C:\Program Files (x86)\Nmap;C:\adb;C:\Users\match\AppData\Local\Programs\Python\Python37\;C:\Users\match\AppData\Local\Programs\Python\Python37\Scripts\;C:\Users\match\AppData\Local\Programs\Python\Python37\;C:\Users\match\AppData\Local\Microsoft\WindowsApps;C:\MinGW\bin;C:\Program Files\JetBrains\IntelliJ IDEA 2023.3.2\bin;C:\Program;c:\Users\match\AppData\Local\Programs\cursor\resources\app\bin;C:\Users\match\AppData\Local\Programs\Python\Python37\Scripts\;C:\Users\match\AppData\Local\Programs\Python\Python37\;C:\Users\match\AppData\Local\Microsoft\WindowsApps;C:\MinGW\bin;C:\Program Files\JetBrains\IntelliJ IDEA 2023.3.2\bin;;C:\Program Files\JetBrains\IntelliJ IDEA Community Edition 2023.3.2\bin;;C:\Program Files (x86)\Nmap;C:\Users\match\AppData\Local\spicetify
USERNAME=match
OS=Windows_NT
PROCESSOR_IDENTIFIER=Intel64 Family 6 Model 140 Stepping 1, GenuineIntel
TMP=C:\Users\match\AppData\Local\Temp
TEMP=C:\Users\match\AppData\Local\Temp




Periodic native trim disabled

---------------  S Y S T E M  ---------------

OS:
 Windows 11 , 64 bit Build 22621 (10.0.22621.3527)
OS uptime: 0 days 8:26 hours

CPU: total 8 (initial active 8) (4 cores per cpu, 2 threads per core) family 6 model 140 stepping 1 microcode 0x86, cx8, cmov, fxsr, ht, mmx, 3dnowpref, sse, sse2, sse3, ssse3, sse4.1, sse4.2, popcnt, lzcnt, tsc, tscinvbit, avx, avx2, aes, erms, clmul, bmi1, bmi2, adx, avx512f, avx512dq, avx512cd, avx512bw, avx512vl, sha, fma, vzeroupper, avx512_vpopcntdq, avx512_vpclmulqdq, avx512_vaes, avx512_vnni, clflush, clflushopt, clwb, avx512_vbmi2, avx512_vbmi, rdtscp, rdpid, fsrm, gfni, avx512_bitalg, f16c, pku, cet_ibt, cet_ss, avx512_ifma
Processor Information for all 8 processors :
  Max Mhz: 2419, Current Mhz: 2419, Mhz Limit: 2419

Memory: 4k page, system-wide physical 7884M (321M free)
TotalPageFile size 16076M (AvailPageFile size 1M)
current process WorkingSet (physical memory assigned to process): 10M, peak: 10M
current process commit charge ("private bytes"): 16M, peak: 17M

vm_info: OpenJDK 64-Bit Server VM (21.0.2+13-58) for windows-amd64 JRE (21.0.2+13-58), built on 2024-01-05T18:32:24Z by "mach5one" with MS VC++ 17.1 (VS2022)

END.
