#
# There is insufficient memory for the Java Runtime Environment to continue.
# Native memory allocation (malloc) failed to allocate 1156816 bytes for Chunk::new
# Possible reasons:
#   The system is out of physical RAM or swap space
#   The process is running with CompressedOops enabled, and the Java Heap may be blocking the growth of the native heap
# Possible solutions:
#   Reduce memory load on the system
#   Increase physical memory or swap space
#   Check if swap backing store is full
#   Decrease Java heap size (-Xmx/-Xms)
#   Decrease number of Java threads
#   Decrease Java thread stack sizes (-Xss)
#   Set larger code cache with -XX:ReservedCodeCacheSize=
#   JVM is running with Unscaled Compressed Oops mode in which the Java heap is
#     placed in the first 4GB address space. The Java Heap base address is the
#     maximum limit for the native heap growth. Please use -XX:HeapBaseMinAddress
#     to set the Java Heap base and to place the Java Heap above 4GB virtual address.
# This output file may be truncated or incomplete.
#
#  Out of Memory Error (arena.cpp:168), pid=13444, tid=3212
#
# JRE version: OpenJDK Runtime Environment (21.0.2+13) (build 21.0.2+13-58)
# Java VM: OpenJDK 64-Bit Server VM (21.0.2+13-58, mixed mode, sharing, tiered, compressed oops, compressed class ptrs, g1 gc, windows-amd64)
# No core dump will be written. Minidumps are not enabled by default on client versions of Windows
#

---------------  S U M M A R Y ------------

Command Line: -agentlib:jdwp=transport=dt_socket,address=127.0.0.1:50933,suspend=y,server=n -javaagent:C:\Users\match\AppData\Local\JetBrains\IntelliJIdea2024.1\captureAgent\debugger-agent.jar -Dfile.encoding=UTF-8 -Dsun.stdout.encoding=UTF-8 -Dsun.stderr.encoding=UTF-8 --module-path=C:\Users\match\.m2\repository\org\openjfx\javafx-graphics\21\javafx-graphics-21-win.jar;C:\Users\match\.m2\repository\org\openjfx\javafx-base\21\javafx-base-21-win.jar;C:\1Tugass\SEMESTER 2\PRAK PBO\CODELAB_MODUL_6\target\classes;C:\Users\match\.m2\repository\org\openjfx\javafx-fxml\21\javafx-fxml-21-win.jar;C:\Users\match\.m2\repository\org\openjfx\javafx-controls\21\javafx-controls-21-win.jar -Djdk.module.main=org.example.codelab_modul_6 org.example.codelab_modul_6/org.example.codelab_modul_6.FormLogin

Host: 11th Gen Intel(R) Core(TM) i5-1135G7 @ 2.40GHz, 8 cores, 7G,  Windows 11 , 64 bit Build 22621 (10.0.22621.3527)
Time: Wed May 29 12:13:40 2024 SE Asia Standard Time elapsed time: 0.765139 seconds (0d 0h 0m 0s)

---------------  T H R E A D  ---------------

Current thread (0x00000229c6c3b750):  JavaThread "C2 CompilerThread2" daemon [_thread_in_native, id=3212, stack(0x000000414af00000,0x000000414b000000) (1024K)]


Current CompileTask:
C2:    765  276       4       java.util.stream.ReferencePipeline$3$1::accept (23 bytes)

Stack: [0x000000414af00000,0x000000414b000000]
Native frames: (J=compiled Java code, j=interpreted, Vv=VM code, C=native code)
V  [jvm.dll+0x6cade9]
V  [jvm.dll+0x8569c1]
V  [jvm.dll+0x858d2e]
V  [jvm.dll+0x859413]
V  [jvm.dll+0x280e56]
V  [jvm.dll+0xc3f3d]
V  [jvm.dll+0xc4473]
V  [jvm.dll+0x2f437f]
V  [jvm.dll+0x5f5056]
V  [jvm.dll+0x252d7f]
V  [jvm.dll+0x25315f]
V  [jvm.dll+0x24b8e0]
V  [jvm.dll+0x2490a3]
V  [jvm.dll+0x1c9634]
V  [jvm.dll+0x258859]
V  [jvm.dll+0x256e3a]
V  [jvm.dll+0x3ef6c6]
V  [jvm.dll+0x7ff568]
V  [jvm.dll+0x6c953d]
C  [ucrtbase.dll+0x29333]
C  [KERNEL32.DLL+0x1257d]
C  [ntdll.dll+0x5aa48]


---------------  P R O C E S S  ---------------

Threads class SMR info:
_java_thread_list=0x0000022a0cb04aa0, length=16, elements={
0x00000229a7e751a0, 0x00000229c693b630, 0x00000229c693c850, 0x00000229c693f2c0,
0x00000229c693fe10, 0x00000229c6940960, 0x00000229c69414b0, 0x00000229c6943380,
0x00000229c6950470, 0x00000229c6b482a0, 0x00000229c6c3b0a0, 0x00000229c6c3b750,
0x0000022a0c5c2440, 0x0000022a0c6d9710, 0x0000022a0c564ce0, 0x0000022a0c6d5060
}

Java Threads: ( => current thread )
  0x00000229a7e751a0 JavaThread "main"                              [_thread_in_Java, id=1852, stack(0x0000004149d00000,0x0000004149e00000) (1024K)]
  0x00000229c693b630 JavaThread "Reference Handler"          daemon [_thread_blocked, id=10592, stack(0x000000414a500000,0x000000414a600000) (1024K)]
  0x00000229c693c850 JavaThread "Finalizer"                  daemon [_thread_blocked, id=15068, stack(0x000000414a600000,0x000000414a700000) (1024K)]
  0x00000229c693f2c0 JavaThread "Signal Dispatcher"          daemon [_thread_blocked, id=10640, stack(0x000000414a700000,0x000000414a800000) (1024K)]
  0x00000229c693fe10 JavaThread "Attach Listener"            daemon [_thread_blocked, id=2668, stack(0x000000414a800000,0x000000414a900000) (1024K)]
  0x00000229c6940960 JavaThread "Service Thread"             daemon [_thread_blocked, id=1948, stack(0x000000414a900000,0x000000414aa00000) (1024K)]
  0x00000229c69414b0 JavaThread "Monitor Deflation Thread"   daemon [_thread_blocked, id=14948, stack(0x000000414aa00000,0x000000414ab00000) (1024K)]
  0x00000229c6943380 JavaThread "C2 CompilerThread0"         daemon [_thread_blocked, id=11436, stack(0x000000414ab00000,0x000000414ac00000) (1024K)]
  0x00000229c6950470 JavaThread "C1 CompilerThread0"         daemon [_thread_in_native, id=2508, stack(0x000000414ac00000,0x000000414ad00000) (1024K)]
  0x00000229c6b482a0 JavaThread "Common-Cleaner"             daemon [_thread_blocked, id=9872, stack(0x000000414ad00000,0x000000414ae00000) (1024K)]
  0x00000229c6c3b0a0 JavaThread "C2 CompilerThread1"         daemon [_thread_blocked, id=9612, stack(0x000000414ae00000,0x000000414af00000) (1024K)]
=>0x00000229c6c3b750 JavaThread "C2 CompilerThread2"         daemon [_thread_in_native, id=3212, stack(0x000000414af00000,0x000000414b000000) (1024K)]
  0x0000022a0c5c2440 JavaThread "JDWP Transport Listener: dt_socket" daemon [_thread_blocked, id=9632, stack(0x000000414b000000,0x000000414b100000) (1024K)]
  0x0000022a0c6d9710 JavaThread "JDWP Event Helper Thread"   daemon [_thread_blocked, id=15244, stack(0x000000414b100000,0x000000414b200000) (1024K)]
  0x0000022a0c564ce0 JavaThread "JDWP Command Reader"        daemon [_thread_in_native, id=6780, stack(0x000000414b200000,0x000000414b300000) (1024K)]
  0x0000022a0c6d5060 JavaThread "Notification Thread"        daemon [_thread_blocked, id=10496, stack(0x000000414b300000,0x000000414b400000) (1024K)]
Total: 16

Other Threads:
  0x00000229c6921510 VMThread "VM Thread"                           [id=15328, stack(0x000000414a400000,0x000000414a500000) (1024K)]
  0x00000229c6909b60 WatcherThread "VM Periodic Task Thread"        [id=14400, stack(0x000000414a300000,0x000000414a400000) (1024K)]
  0x00000229aa0b2d20 WorkerThread "GC Thread#0"                     [id=7640, stack(0x0000004149e00000,0x0000004149f00000) (1024K)]
  0x00000229aa0c3530 ConcurrentGCThread "G1 Main Marker"            [id=10436, stack(0x0000004149f00000,0x000000414a000000) (1024K)]
  0x00000229aa0c4030 WorkerThread "G1 Conc#0"                       [id=8768, stack(0x000000414a000000,0x000000414a100000) (1024K)]
  0x00000229c67d6260 ConcurrentGCThread "G1 Refine#0"               [id=6928, stack(0x000000414a100000,0x000000414a200000) (1024K)]
  0x00000229c67d6a80 ConcurrentGCThread "G1 Service"                [id=1124, stack(0x000000414a200000,0x000000414a300000) (1024K)]
Total: 7

Threads with active compile tasks:
C1 CompilerThread0      811  495   !   3       java.lang.ref.ReferenceQueue::poll (40 bytes)
C2 CompilerThread2      811  276       4       java.util.stream.ReferencePipeline$3$1::accept (23 bytes)
Total: 2

VM state: not at safepoint (normal execution)

VM Mutex/Monitor currently owned by a thread:  ([mutex/lock_event])
[0x00007ffc9147b8e8] MethodCompileQueue_lock - owner thread: 0x00000229c6950470
[0x00007ffc9147cc68] CodeCache_lock - owner thread: 0x00000229c6950470
[0x00007ffc9147cde8] Compile_lock - owner thread: 0x0000000000000000

Heap address: 0x0000000084c00000, size: 1972 MB, Compressed Oops mode: 32-bit

CDS archive(s) mapped at: [0x00000229c7000000-0x00000229c7c90000-0x00000229c7c90000), size 13172736, SharedBaseAddress: 0x00000229c7000000, ArchiveRelocationMode: 1.
Compressed class space mapped at: 0x00000229c8000000-0x0000022a08000000, reserved size: 1073741824
Narrow klass base: 0x00000229c7000000, Narrow klass shift: 0, Narrow klass range: 0x100000000

GC Precious Log:
 CardTable entry size: 512
 Card Set container configuration: InlinePtr #cards 5 size 8 Array Of Cards #cards 12 size 40 Howl #buckets 4 coarsen threshold 1843 Howl Bitmap #cards 512 size 80 coarsen threshold 460 Card regions per heap region 1 cards per card region 2048
 CPUs: 8 total, 8 available
 Memory: 7884M
 Large Page Support: Disabled
 NUMA Support: Disabled
 Compressed Oops: Enabled (32-bit)
 Heap Region Size: 1M
 Heap Min Capacity: 8M
 Heap Initial Capacity: 124M
 Heap Max Capacity: 1972M
 Pre-touch: Disabled
 Parallel Workers: 8
 Concurrent Workers: 2
 Concurrent Refinement Workers: 8
 Periodic GC: Disabled

Heap:
 garbage-first heap   total 126976K, used 9216K [0x0000000084c00000, 0x0000000100000000)
  region size 1024K, 10 young (10240K), 0 survivors (0K)
 Metaspace       used 1586K, committed 1792K, reserved 1114112K
  class space    used 159K, committed 256K, reserved 1048576K

Heap Regions: E=young(eden), S=young(survivor), O=old, HS=humongous(starts), HC=humongous(continues), CS=collection set, F=free, TAMS=top-at-mark-start, PB=parsable bottom
|   0|0x0000000084c00000, 0x0000000084c00000, 0x0000000084d00000|  0%| F|  |TAMS 0x0000000084c00000| PB 0x0000000084c00000| Untracked 
|   1|0x0000000084d00000, 0x0000000084d00000, 0x0000000084e00000|  0%| F|  |TAMS 0x0000000084d00000| PB 0x0000000084d00000| Untracked 
|   2|0x0000000084e00000, 0x0000000084e00000, 0x0000000084f00000|  0%| F|  |TAMS 0x0000000084e00000| PB 0x0000000084e00000| Untracked 
|   3|0x0000000084f00000, 0x0000000084f00000, 0x0000000085000000|  0%| F|  |TAMS 0x0000000084f00000| PB 0x0000000084f00000| Untracked 
|   4|0x0000000085000000, 0x0000000085000000, 0x0000000085100000|  0%| F|  |TAMS 0x0000000085000000| PB 0x0000000085000000| Untracked 
|   5|0x0000000085100000, 0x0000000085100000, 0x0000000085200000|  0%| F|  |TAMS 0x0000000085100000| PB 0x0000000085100000| Untracked 
|   6|0x0000000085200000, 0x0000000085200000, 0x0000000085300000|  0%| F|  |TAMS 0x0000000085200000| PB 0x0000000085200000| Untracked 
|   7|0x0000000085300000, 0x0000000085300000, 0x0000000085400000|  0%| F|  |TAMS 0x0000000085300000| PB 0x0000000085300000| Untracked 
|   8|0x0000000085400000, 0x0000000085400000, 0x0000000085500000|  0%| F|  |TAMS 0x0000000085400000| PB 0x0000000085400000| Untracked 
|   9|0x0000000085500000, 0x0000000085500000, 0x0000000085600000|  0%| F|  |TAMS 0x0000000085500000| PB 0x0000000085500000| Untracked 
|  10|0x0000000085600000, 0x0000000085600000, 0x0000000085700000|  0%| F|  |TAMS 0x0000000085600000| PB 0x0000000085600000| Untracked 
|  11|0x0000000085700000, 0x0000000085700000, 0x0000000085800000|  0%| F|  |TAMS 0x0000000085700000| PB 0x0000000085700000| Untracked 
|  12|0x0000000085800000, 0x0000000085800000, 0x0000000085900000|  0%| F|  |TAMS 0x0000000085800000| PB 0x0000000085800000| Untracked 
|  13|0x0000000085900000, 0x0000000085900000, 0x0000000085a00000|  0%| F|  |TAMS 0x0000000085900000| PB 0x0000000085900000| Untracked 
|  14|0x0000000085a00000, 0x0000000085a00000, 0x0000000085b00000|  0%| F|  |TAMS 0x0000000085a00000| PB 0x0000000085a00000| Untracked 
|  15|0x0000000085b00000, 0x0000000085b00000, 0x0000000085c00000|  0%| F|  |TAMS 0x0000000085b00000| PB 0x0000000085b00000| Untracked 
|  16|0x0000000085c00000, 0x0000000085c00000, 0x0000000085d00000|  0%| F|  |TAMS 0x0000000085c00000| PB 0x0000000085c00000| Untracked 
|  17|0x0000000085d00000, 0x0000000085d00000, 0x0000000085e00000|  0%| F|  |TAMS 0x0000000085d00000| PB 0x0000000085d00000| Untracked 
|  18|0x0000000085e00000, 0x0000000085e00000, 0x0000000085f00000|  0%| F|  |TAMS 0x0000000085e00000| PB 0x0000000085e00000| Untracked 
|  19|0x0000000085f00000, 0x0000000085f00000, 0x0000000086000000|  0%| F|  |TAMS 0x0000000085f00000| PB 0x0000000085f00000| Untracked 
|  20|0x0000000086000000, 0x0000000086000000, 0x0000000086100000|  0%| F|  |TAMS 0x0000000086000000| PB 0x0000000086000000| Untracked 
|  21|0x0000000086100000, 0x0000000086100000, 0x0000000086200000|  0%| F|  |TAMS 0x0000000086100000| PB 0x0000000086100000| Untracked 
|  22|0x0000000086200000, 0x0000000086200000, 0x0000000086300000|  0%| F|  |TAMS 0x0000000086200000| PB 0x0000000086200000| Untracked 
|  23|0x0000000086300000, 0x0000000086300000, 0x0000000086400000|  0%| F|  |TAMS 0x0000000086300000| PB 0x0000000086300000| Untracked 
|  24|0x0000000086400000, 0x0000000086400000, 0x0000000086500000|  0%| F|  |TAMS 0x0000000086400000| PB 0x0000000086400000| Untracked 
|  25|0x0000000086500000, 0x0000000086500000, 0x0000000086600000|  0%| F|  |TAMS 0x0000000086500000| PB 0x0000000086500000| Untracked 
|  26|0x0000000086600000, 0x0000000086600000, 0x0000000086700000|  0%| F|  |TAMS 0x0000000086600000| PB 0x0000000086600000| Untracked 
|  27|0x0000000086700000, 0x0000000086700000, 0x0000000086800000|  0%| F|  |TAMS 0x0000000086700000| PB 0x0000000086700000| Untracked 
|  28|0x0000000086800000, 0x0000000086800000, 0x0000000086900000|  0%| F|  |TAMS 0x0000000086800000| PB 0x0000000086800000| Untracked 
|  29|0x0000000086900000, 0x0000000086900000, 0x0000000086a00000|  0%| F|  |TAMS 0x0000000086900000| PB 0x0000000086900000| Untracked 
|  30|0x0000000086a00000, 0x0000000086a00000, 0x0000000086b00000|  0%| F|  |TAMS 0x0000000086a00000| PB 0x0000000086a00000| Untracked 
|  31|0x0000000086b00000, 0x0000000086b00000, 0x0000000086c00000|  0%| F|  |TAMS 0x0000000086b00000| PB 0x0000000086b00000| Untracked 
|  32|0x0000000086c00000, 0x0000000086c00000, 0x0000000086d00000|  0%| F|  |TAMS 0x0000000086c00000| PB 0x0000000086c00000| Untracked 
|  33|0x0000000086d00000, 0x0000000086d00000, 0x0000000086e00000|  0%| F|  |TAMS 0x0000000086d00000| PB 0x0000000086d00000| Untracked 
|  34|0x0000000086e00000, 0x0000000086e00000, 0x0000000086f00000|  0%| F|  |TAMS 0x0000000086e00000| PB 0x0000000086e00000| Untracked 
|  35|0x0000000086f00000, 0x0000000086f00000, 0x0000000087000000|  0%| F|  |TAMS 0x0000000086f00000| PB 0x0000000086f00000| Untracked 
|  36|0x0000000087000000, 0x0000000087000000, 0x0000000087100000|  0%| F|  |TAMS 0x0000000087000000| PB 0x0000000087000000| Untracked 
|  37|0x0000000087100000, 0x0000000087100000, 0x0000000087200000|  0%| F|  |TAMS 0x0000000087100000| PB 0x0000000087100000| Untracked 
|  38|0x0000000087200000, 0x0000000087200000, 0x0000000087300000|  0%| F|  |TAMS 0x0000000087200000| PB 0x0000000087200000| Untracked 
|  39|0x0000000087300000, 0x0000000087300000, 0x0000000087400000|  0%| F|  |TAMS 0x0000000087300000| PB 0x0000000087300000| Untracked 
|  40|0x0000000087400000, 0x0000000087400000, 0x0000000087500000|  0%| F|  |TAMS 0x0000000087400000| PB 0x0000000087400000| Untracked 
|  41|0x0000000087500000, 0x0000000087500000, 0x0000000087600000|  0%| F|  |TAMS 0x0000000087500000| PB 0x0000000087500000| Untracked 
|  42|0x0000000087600000, 0x0000000087600000, 0x0000000087700000|  0%| F|  |TAMS 0x0000000087600000| PB 0x0000000087600000| Untracked 
|  43|0x0000000087700000, 0x0000000087700000, 0x0000000087800000|  0%| F|  |TAMS 0x0000000087700000| PB 0x0000000087700000| Untracked 
|  44|0x0000000087800000, 0x0000000087800000, 0x0000000087900000|  0%| F|  |TAMS 0x0000000087800000| PB 0x0000000087800000| Untracked 
|  45|0x0000000087900000, 0x0000000087900000, 0x0000000087a00000|  0%| F|  |TAMS 0x0000000087900000| PB 0x0000000087900000| Untracked 
|  46|0x0000000087a00000, 0x0000000087a00000, 0x0000000087b00000|  0%| F|  |TAMS 0x0000000087a00000| PB 0x0000000087a00000| Untracked 
|  47|0x0000000087b00000, 0x0000000087b00000, 0x0000000087c00000|  0%| F|  |TAMS 0x0000000087b00000| PB 0x0000000087b00000| Untracked 
|  48|0x0000000087c00000, 0x0000000087c00000, 0x0000000087d00000|  0%| F|  |TAMS 0x0000000087c00000| PB 0x0000000087c00000| Untracked 
|  49|0x0000000087d00000, 0x0000000087d00000, 0x0000000087e00000|  0%| F|  |TAMS 0x0000000087d00000| PB 0x0000000087d00000| Untracked 
|  50|0x0000000087e00000, 0x0000000087e00000, 0x0000000087f00000|  0%| F|  |TAMS 0x0000000087e00000| PB 0x0000000087e00000| Untracked 
|  51|0x0000000087f00000, 0x0000000087f00000, 0x0000000088000000|  0%| F|  |TAMS 0x0000000087f00000| PB 0x0000000087f00000| Untracked 
|  52|0x0000000088000000, 0x0000000088000000, 0x0000000088100000|  0%| F|  |TAMS 0x0000000088000000| PB 0x0000000088000000| Untracked 
|  53|0x0000000088100000, 0x0000000088100000, 0x0000000088200000|  0%| F|  |TAMS 0x0000000088100000| PB 0x0000000088100000| Untracked 
|  54|0x0000000088200000, 0x0000000088200000, 0x0000000088300000|  0%| F|  |TAMS 0x0000000088200000| PB 0x0000000088200000| Untracked 
|  55|0x0000000088300000, 0x0000000088300000, 0x0000000088400000|  0%| F|  |TAMS 0x0000000088300000| PB 0x0000000088300000| Untracked 
|  56|0x0000000088400000, 0x0000000088400000, 0x0000000088500000|  0%| F|  |TAMS 0x0000000088400000| PB 0x0000000088400000| Untracked 
|  57|0x0000000088500000, 0x0000000088500000, 0x0000000088600000|  0%| F|  |TAMS 0x0000000088500000| PB 0x0000000088500000| Untracked 
|  58|0x0000000088600000, 0x0000000088600000, 0x0000000088700000|  0%| F|  |TAMS 0x0000000088600000| PB 0x0000000088600000| Untracked 
|  59|0x0000000088700000, 0x0000000088700000, 0x0000000088800000|  0%| F|  |TAMS 0x0000000088700000| PB 0x0000000088700000| Untracked 
|  60|0x0000000088800000, 0x0000000088800000, 0x0000000088900000|  0%| F|  |TAMS 0x0000000088800000| PB 0x0000000088800000| Untracked 
|  61|0x0000000088900000, 0x0000000088900000, 0x0000000088a00000|  0%| F|  |TAMS 0x0000000088900000| PB 0x0000000088900000| Untracked 
|  62|0x0000000088a00000, 0x0000000088a00000, 0x0000000088b00000|  0%| F|  |TAMS 0x0000000088a00000| PB 0x0000000088a00000| Untracked 
|  63|0x0000000088b00000, 0x0000000088b00000, 0x0000000088c00000|  0%| F|  |TAMS 0x0000000088b00000| PB 0x0000000088b00000| Untracked 
|  64|0x0000000088c00000, 0x0000000088c00000, 0x0000000088d00000|  0%| F|  |TAMS 0x0000000088c00000| PB 0x0000000088c00000| Untracked 
|  65|0x0000000088d00000, 0x0000000088d00000, 0x0000000088e00000|  0%| F|  |TAMS 0x0000000088d00000| PB 0x0000000088d00000| Untracked 
|  66|0x0000000088e00000, 0x0000000088e00000, 0x0000000088f00000|  0%| F|  |TAMS 0x0000000088e00000| PB 0x0000000088e00000| Untracked 
|  67|0x0000000088f00000, 0x0000000088f00000, 0x0000000089000000|  0%| F|  |TAMS 0x0000000088f00000| PB 0x0000000088f00000| Untracked 
|  68|0x0000000089000000, 0x0000000089000000, 0x0000000089100000|  0%| F|  |TAMS 0x0000000089000000| PB 0x0000000089000000| Untracked 
|  69|0x0000000089100000, 0x0000000089100000, 0x0000000089200000|  0%| F|  |TAMS 0x0000000089100000| PB 0x0000000089100000| Untracked 
|  70|0x0000000089200000, 0x0000000089200000, 0x0000000089300000|  0%| F|  |TAMS 0x0000000089200000| PB 0x0000000089200000| Untracked 
|  71|0x0000000089300000, 0x0000000089300000, 0x0000000089400000|  0%| F|  |TAMS 0x0000000089300000| PB 0x0000000089300000| Untracked 
|  72|0x0000000089400000, 0x0000000089400000, 0x0000000089500000|  0%| F|  |TAMS 0x0000000089400000| PB 0x0000000089400000| Untracked 
|  73|0x0000000089500000, 0x0000000089500000, 0x0000000089600000|  0%| F|  |TAMS 0x0000000089500000| PB 0x0000000089500000| Untracked 
|  74|0x0000000089600000, 0x0000000089600000, 0x0000000089700000|  0%| F|  |TAMS 0x0000000089600000| PB 0x0000000089600000| Untracked 
|  75|0x0000000089700000, 0x0000000089700000, 0x0000000089800000|  0%| F|  |TAMS 0x0000000089700000| PB 0x0000000089700000| Untracked 
|  76|0x0000000089800000, 0x0000000089800000, 0x0000000089900000|  0%| F|  |TAMS 0x0000000089800000| PB 0x0000000089800000| Untracked 
|  77|0x0000000089900000, 0x0000000089900000, 0x0000000089a00000|  0%| F|  |TAMS 0x0000000089900000| PB 0x0000000089900000| Untracked 
|  78|0x0000000089a00000, 0x0000000089a00000, 0x0000000089b00000|  0%| F|  |TAMS 0x0000000089a00000| PB 0x0000000089a00000| Untracked 
|  79|0x0000000089b00000, 0x0000000089b00000, 0x0000000089c00000|  0%| F|  |TAMS 0x0000000089b00000| PB 0x0000000089b00000| Untracked 
|  80|0x0000000089c00000, 0x0000000089c00000, 0x0000000089d00000|  0%| F|  |TAMS 0x0000000089c00000| PB 0x0000000089c00000| Untracked 
|  81|0x0000000089d00000, 0x0000000089d00000, 0x0000000089e00000|  0%| F|  |TAMS 0x0000000089d00000| PB 0x0000000089d00000| Untracked 
|  82|0x0000000089e00000, 0x0000000089e00000, 0x0000000089f00000|  0%| F|  |TAMS 0x0000000089e00000| PB 0x0000000089e00000| Untracked 
|  83|0x0000000089f00000, 0x0000000089f00000, 0x000000008a000000|  0%| F|  |TAMS 0x0000000089f00000| PB 0x0000000089f00000| Untracked 
|  84|0x000000008a000000, 0x000000008a000000, 0x000000008a100000|  0%| F|  |TAMS 0x000000008a000000| PB 0x000000008a000000| Untracked 
|  85|0x000000008a100000, 0x000000008a100000, 0x000000008a200000|  0%| F|  |TAMS 0x000000008a100000| PB 0x000000008a100000| Untracked 
|  86|0x000000008a200000, 0x000000008a200000, 0x000000008a300000|  0%| F|  |TAMS 0x000000008a200000| PB 0x000000008a200000| Untracked 
|  87|0x000000008a300000, 0x000000008a300000, 0x000000008a400000|  0%| F|  |TAMS 0x000000008a300000| PB 0x000000008a300000| Untracked 
|  88|0x000000008a400000, 0x000000008a400000, 0x000000008a500000|  0%| F|  |TAMS 0x000000008a400000| PB 0x000000008a400000| Untracked 
|  89|0x000000008a500000, 0x000000008a500000, 0x000000008a600000|  0%| F|  |TAMS 0x000000008a500000| PB 0x000000008a500000| Untracked 
|  90|0x000000008a600000, 0x000000008a600000, 0x000000008a700000|  0%| F|  |TAMS 0x000000008a600000| PB 0x000000008a600000| Untracked 
|  91|0x000000008a700000, 0x000000008a700000, 0x000000008a800000|  0%| F|  |TAMS 0x000000008a700000| PB 0x000000008a700000| Untracked 
|  92|0x000000008a800000, 0x000000008a800000, 0x000000008a900000|  0%| F|  |TAMS 0x000000008a800000| PB 0x000000008a800000| Untracked 
|  93|0x000000008a900000, 0x000000008a900000, 0x000000008aa00000|  0%| F|  |TAMS 0x000000008a900000| PB 0x000000008a900000| Untracked 
|  94|0x000000008aa00000, 0x000000008aa00000, 0x000000008ab00000|  0%| F|  |TAMS 0x000000008aa00000| PB 0x000000008aa00000| Untracked 
|  95|0x000000008ab00000, 0x000000008ab00000, 0x000000008ac00000|  0%| F|  |TAMS 0x000000008ab00000| PB 0x000000008ab00000| Untracked 
|  96|0x000000008ac00000, 0x000000008ac00000, 0x000000008ad00000|  0%| F|  |TAMS 0x000000008ac00000| PB 0x000000008ac00000| Untracked 
|  97|0x000000008ad00000, 0x000000008ad00000, 0x000000008ae00000|  0%| F|  |TAMS 0x000000008ad00000| PB 0x000000008ad00000| Untracked 
|  98|0x000000008ae00000, 0x000000008ae00000, 0x000000008af00000|  0%| F|  |TAMS 0x000000008ae00000| PB 0x000000008ae00000| Untracked 
|  99|0x000000008af00000, 0x000000008af00000, 0x000000008b000000|  0%| F|  |TAMS 0x000000008af00000| PB 0x000000008af00000| Untracked 
| 100|0x000000008b000000, 0x000000008b000000, 0x000000008b100000|  0%| F|  |TAMS 0x000000008b000000| PB 0x000000008b000000| Untracked 
| 101|0x000000008b100000, 0x000000008b100000, 0x000000008b200000|  0%| F|  |TAMS 0x000000008b100000| PB 0x000000008b100000| Untracked 
| 102|0x000000008b200000, 0x000000008b200000, 0x000000008b300000|  0%| F|  |TAMS 0x000000008b200000| PB 0x000000008b200000| Untracked 
| 103|0x000000008b300000, 0x000000008b300000, 0x000000008b400000|  0%| F|  |TAMS 0x000000008b300000| PB 0x000000008b300000| Untracked 
| 104|0x000000008b400000, 0x000000008b400000, 0x000000008b500000|  0%| F|  |TAMS 0x000000008b400000| PB 0x000000008b400000| Untracked 
| 105|0x000000008b500000, 0x000000008b500000, 0x000000008b600000|  0%| F|  |TAMS 0x000000008b500000| PB 0x000000008b500000| Untracked 
| 106|0x000000008b600000, 0x000000008b600000, 0x000000008b700000|  0%| F|  |TAMS 0x000000008b600000| PB 0x000000008b600000| Untracked 
| 107|0x000000008b700000, 0x000000008b700000, 0x000000008b800000|  0%| F|  |TAMS 0x000000008b700000| PB 0x000000008b700000| Untracked 
| 108|0x000000008b800000, 0x000000008b800000, 0x000000008b900000|  0%| F|  |TAMS 0x000000008b800000| PB 0x000000008b800000| Untracked 
| 109|0x000000008b900000, 0x000000008b900000, 0x000000008ba00000|  0%| F|  |TAMS 0x000000008b900000| PB 0x000000008b900000| Untracked 
| 110|0x000000008ba00000, 0x000000008ba00000, 0x000000008bb00000|  0%| F|  |TAMS 0x000000008ba00000| PB 0x000000008ba00000| Untracked 
| 111|0x000000008bb00000, 0x000000008bb00000, 0x000000008bc00000|  0%| F|  |TAMS 0x000000008bb00000| PB 0x000000008bb00000| Untracked 
| 112|0x000000008bc00000, 0x000000008bc00000, 0x000000008bd00000|  0%| F|  |TAMS 0x000000008bc00000| PB 0x000000008bc00000| Untracked 
| 113|0x000000008bd00000, 0x000000008bd0c648, 0x000000008be00000|  4%| E|  |TAMS 0x000000008bd00000| PB 0x000000008bd00000| Complete 
| 114|0x000000008be00000, 0x000000008bf00000, 0x000000008bf00000|100%| E|  |TAMS 0x000000008be00000| PB 0x000000008be00000| Complete 
| 115|0x000000008bf00000, 0x000000008c000000, 0x000000008c000000|100%| E|CS|TAMS 0x000000008bf00000| PB 0x000000008bf00000| Complete 
| 116|0x000000008c000000, 0x000000008c100000, 0x000000008c100000|100%| E|CS|TAMS 0x000000008c000000| PB 0x000000008c000000| Complete 
| 117|0x000000008c100000, 0x000000008c200000, 0x000000008c200000|100%| E|CS|TAMS 0x000000008c100000| PB 0x000000008c100000| Complete 
| 118|0x000000008c200000, 0x000000008c300000, 0x000000008c300000|100%| E|CS|TAMS 0x000000008c200000| PB 0x000000008c200000| Complete 
| 119|0x000000008c300000, 0x000000008c400000, 0x000000008c400000|100%| E|CS|TAMS 0x000000008c300000| PB 0x000000008c300000| Complete 
| 120|0x000000008c400000, 0x000000008c500000, 0x000000008c500000|100%| E|CS|TAMS 0x000000008c400000| PB 0x000000008c400000| Complete 
| 121|0x000000008c500000, 0x000000008c600000, 0x000000008c600000|100%| E|CS|TAMS 0x000000008c500000| PB 0x000000008c500000| Complete 
| 122|0x000000008c600000, 0x000000008c700000, 0x000000008c700000|100%| E|CS|TAMS 0x000000008c600000| PB 0x000000008c600000| Complete 
| 123|0x000000008c700000, 0x000000008c800000, 0x000000008c800000|100%| E|CS|TAMS 0x000000008c700000| PB 0x000000008c700000| Complete 

Card table byte_map: [0x00000229c1bc0000,0x00000229c1fa0000] _byte_map_base: 0x00000229c179a000

Marking Bits: (CMBitMap*) 0x00000229aa0b3420
 Bits: [0x00000229c1fa0000, 0x00000229c3e70000)

Polling page: 0x00000229a81f0000

Metaspace:

Usage:
  Non-class:      1.40 MB used.
      Class:    161.65 KB used.
       Both:      1.56 MB used.

Virtual space:
  Non-class space:       64.00 MB reserved,       1.50 MB (  2%) committed,  1 nodes.
      Class space:        1.00 GB reserved,     256.00 KB ( <1%) committed,  1 nodes.
             Both:        1.06 GB reserved,       1.75 MB ( <1%) committed. 

Chunk freelists:
   Non-Class:  11.58 MB
       Class:  15.66 MB
        Both:  27.23 MB

MaxMetaspaceSize: unlimited
CompressedClassSpaceSize: 1.00 GB
Initial GC threshold: 21.00 MB
Current GC threshold: 21.00 MB
CDS: on
 - commit_granule_bytes: 65536.
 - commit_granule_words: 8192.
 - virtual_space_node_default_size: 8388608.
 - enlarge_chunks_in_place: 1.
 - use_allocation_guard: 0.


Internal statistics:

num_allocs_failed_limit: 0.
num_arena_births: 48.
num_arena_deaths: 0.
num_vsnodes_births: 2.
num_vsnodes_deaths: 0.
num_space_committed: 28.
num_space_uncommitted: 0.
num_chunks_returned_to_freelist: 0.
num_chunks_taken_from_freelist: 72.
num_chunk_merges: 0.
num_chunk_splits: 51.
num_chunks_enlarged: 34.
num_inconsistent_stats: 0.

CodeHeap 'non-profiled nmethods': size=120000Kb used=195Kb max_used=195Kb free=119804Kb
 bounds [0x00000229b9f80000, 0x00000229ba1f0000, 0x00000229c14b0000]
CodeHeap 'profiled nmethods': size=120000Kb used=710Kb max_used=710Kb free=119289Kb
 bounds [0x00000229b24b0000, 0x00000229b2720000, 0x00000229b99e0000]
CodeHeap 'non-nmethods': size=5760Kb used=1507Kb max_used=1513Kb free=4252Kb
 bounds [0x00000229b99e0000, 0x00000229b9c50000, 0x00000229b9f80000]
 total_blobs=932 nmethods=501 adapters=336
 compilation: enabled
              stopped_count=0, restarted_count=0
 full_count=0

Compilation events (20 events):
Event: 0.738 Thread 0x00000229c6950470  459       3       java.lang.invoke.MethodType::parameterSlotCount (8 bytes)
Event: 0.738 Thread 0x00000229c6950470 nmethod 459 0x00000229b2557d90 code [0x00000229b2557f20, 0x00000229b2558050]
Event: 0.742 Thread 0x00000229c6950470  461       3       jdk.internal.org.objectweb.asm.MethodWriter::visitVarInsn (302 bytes)
Event: 0.744 Thread 0x00000229c6950470 nmethod 461 0x00000229b2558110 code [0x00000229b2558380, 0x00000229b2558d10]
Event: 0.744 Thread 0x00000229c6950470  462       3       java.lang.invoke.LambdaForm$Name::useCount (51 bytes)
Event: 0.745 Thread 0x00000229c6950470 nmethod 462 0x00000229b2558f90 code [0x00000229b2559140, 0x00000229b25593b0]
Event: 0.745 Thread 0x00000229c6950470  463       3       java.lang.invoke.LambdaForm::uncustomize (57 bytes)
Event: 0.745 Thread 0x00000229c6950470 nmethod 463 0x00000229b2559490 code [0x00000229b2559660, 0x00000229b2559980]
Event: 0.748 Thread 0x00000229c6950470  464       1       sun.nio.fs.NativeBuffer::address (5 bytes)
Event: 0.748 Thread 0x00000229c6950470 nmethod 464 0x00000229b9fad810 code [0x00000229b9fad9a0, 0x00000229b9fada68]
Event: 0.750 Thread 0x00000229c6950470  465       1       java.lang.String::value (5 bytes)
Event: 0.750 Thread 0x00000229c6950470 nmethod 465 0x00000229b9fadb10 code [0x00000229b9fadca0, 0x00000229b9fadd68]
Event: 0.751 Thread 0x00000229c6c3b0a0  466       4       java.lang.String::isEmpty (14 bytes)
Event: 0.752 Thread 0x00000229c6c3b0a0 nmethod 466 0x00000229b9fade10 code [0x00000229b9fadfa0, 0x00000229b9fae050]
Event: 0.755 Thread 0x00000229c6950470  467       3       java.lang.String::toString (2 bytes)
Event: 0.755 Thread 0x00000229c6950470 nmethod 467 0x00000229b2559a90 code [0x00000229b2559c20, 0x00000229b2559d30]
Event: 0.755 Thread 0x00000229c6950470  468       1       java.util.concurrent.locks.AbstractQueuedSynchronizer::getState (5 bytes)
Event: 0.755 Thread 0x00000229c6950470 nmethod 468 0x00000229b9fae110 code [0x00000229b9fae2a0, 0x00000229b9fae368]
Event: 0.757 Thread 0x00000229c6950470  469       3       java.lang.ref.Reference::reachabilityFence (1 bytes)
Event: 0.757 Thread 0x00000229c6950470 nmethod 469 0x00000229b2559d90 code [0x00000229b2559f20, 0x00000229b255a008]

GC Heap History (0 events):
No events

Dll operation events (7 events):
Event: 0.043 Loaded shared library C:\Users\match\.jdks\openjdk-21.0.2\bin\java.dll
Event: 0.047 Loaded shared library C:\Users\match\.jdks\openjdk-21.0.2\bin\zip.dll
Event: 0.145 Loaded shared library C:\Users\match\.jdks\openjdk-21.0.2\bin\jsvml.dll
Event: 0.217 Loaded shared library C:\Users\match\.jdks\openjdk-21.0.2\bin\net.dll
Event: 0.225 Loaded shared library C:\Users\match\.jdks\openjdk-21.0.2\bin\nio.dll
Event: 0.244 Loaded shared library C:\Users\match\.jdks\openjdk-21.0.2\bin\zip.dll
Event: 0.634 Loaded shared library C:\Users\match\.jdks\openjdk-21.0.2\bin\instrument.dll

Deoptimization events (20 events):
Event: 0.366 Thread 0x00000229a7e751a0 Uncommon trap: trap_request=0xffffff45 fr.pc=0x00000229b9f919a4 relative=0x00000000000006c4
Event: 0.366 Thread 0x00000229a7e751a0 Uncommon trap: reason=unstable_if action=reinterpret pc=0x00000229b9f919a4 method=java.lang.String.substring(II)Ljava/lang/String; @ 17 c2
Event: 0.366 Thread 0x00000229a7e751a0 DEOPT PACKING pc=0x00000229b9f919a4 sp=0x0000004149dfdcc0
Event: 0.366 Thread 0x00000229a7e751a0 DEOPT UNPACKING pc=0x00000229b9a37da2 sp=0x0000004149dfdcb0 mode 2
Event: 0.366 Thread 0x00000229a7e751a0 Uncommon trap: trap_request=0xffffff45 fr.pc=0x00000229b9f900e8 relative=0x00000000000006e8
Event: 0.366 Thread 0x00000229a7e751a0 Uncommon trap: reason=unstable_if action=reinterpret pc=0x00000229b9f900e8 method=java.lang.CharacterDataLatin1.isJavaIdentifierPart(I)Z @ 11 c2
Event: 0.366 Thread 0x00000229a7e751a0 DEOPT PACKING pc=0x00000229b9f900e8 sp=0x0000004149dfdd10
Event: 0.366 Thread 0x00000229a7e751a0 DEOPT UNPACKING pc=0x00000229b9a37da2 sp=0x0000004149dfdbf0 mode 2
Event: 0.436 Thread 0x00000229a7e751a0 Uncommon trap: trap_request=0xffffff45 fr.pc=0x00000229b9f956d8 relative=0x0000000000000298
Event: 0.436 Thread 0x00000229a7e751a0 Uncommon trap: reason=unstable_if action=reinterpret pc=0x00000229b9f956d8 method=java.util.ImmutableCollections$SetN.contains(Ljava/lang/Object;)Z @ 9 c2
Event: 0.436 Thread 0x00000229a7e751a0 DEOPT PACKING pc=0x00000229b9f956d8 sp=0x0000004149dfedd0
Event: 0.436 Thread 0x00000229a7e751a0 DEOPT UNPACKING pc=0x00000229b9a37da2 sp=0x0000004149dfed90 mode 2
Event: 0.469 Thread 0x00000229a7e751a0 Uncommon trap: trap_request=0xffffff45 fr.pc=0x00000229b9f8d6a8 relative=0x0000000000000268
Event: 0.469 Thread 0x00000229a7e751a0 Uncommon trap: reason=unstable_if action=reinterpret pc=0x00000229b9f8d6a8 method=java.util.ImmutableCollections$SetN.probe(Ljava/lang/Object;)I @ 34 c2
Event: 0.469 Thread 0x00000229a7e751a0 DEOPT PACKING pc=0x00000229b9f8d6a8 sp=0x0000004149dfeca0
Event: 0.469 Thread 0x00000229a7e751a0 DEOPT UNPACKING pc=0x00000229b9a37da2 sp=0x0000004149dfec40 mode 2
Event: 0.482 Thread 0x00000229a7e751a0 Uncommon trap: trap_request=0xffffff45 fr.pc=0x00000229b9f93054 relative=0x0000000000000414
Event: 0.482 Thread 0x00000229a7e751a0 Uncommon trap: reason=unstable_if action=reinterpret pc=0x00000229b9f93054 method=java.lang.StringLatin1.newString([BII)Ljava/lang/String; @ 1 c2
Event: 0.482 Thread 0x00000229a7e751a0 DEOPT PACKING pc=0x00000229b9f93054 sp=0x0000004149dfea10
Event: 0.482 Thread 0x00000229a7e751a0 DEOPT UNPACKING pc=0x00000229b9a37da2 sp=0x0000004149dfea08 mode 2

Classes loaded (20 events):
Event: 0.701 Loading class java/lang/reflect/InvocationTargetException
Event: 0.701 Loading class java/lang/reflect/InvocationTargetException done
Event: 0.708 Loading class java/util/concurrent/atomic/AtomicBoolean
Event: 0.709 Loading class java/util/concurrent/atomic/AtomicBoolean done
Event: 0.709 Loading class java/lang/invoke/VarHandleInts$FieldInstanceReadWrite
Event: 0.710 Loading class java/lang/invoke/VarHandleInts$FieldInstanceReadOnly
Event: 0.710 Loading class java/lang/invoke/VarHandleInts$FieldInstanceReadOnly done
Event: 0.710 Loading class java/lang/invoke/VarHandleInts$FieldInstanceReadWrite done
Event: 0.729 Loading class java/lang/reflect/TypeVariable
Event: 0.729 Loading class java/lang/reflect/TypeVariable done
Event: 0.729 Loading class java/lang/InstantiationException
Event: 0.730 Loading class java/lang/InstantiationException done
Event: 0.730 Loading class java/lang/SecurityException
Event: 0.730 Loading class java/lang/SecurityException done
Event: 0.731 Loading class java/lang/reflect/AnnotatedType
Event: 0.732 Loading class java/lang/reflect/AnnotatedType done
Event: 0.739 Loading class java/util/concurrent/CountDownLatch
Event: 0.740 Loading class java/util/concurrent/CountDownLatch done
Event: 0.740 Loading class java/util/concurrent/CountDownLatch$Sync
Event: 0.741 Loading class java/util/concurrent/CountDownLatch$Sync done

Classes unloaded (0 events):
No events

Classes redefined (0 events):
No events

Internal exceptions (8 events):
Event: 0.416 Thread 0x00000229a7e751a0 Exception <a 'java/lang/NoSuchMethodError'{0x000000008c3f8308}: 'void java.lang.invoke.DirectMethodHandle$Holder.invokeVirtual(java.lang.Object, java.lang.Object)'> (0x000000008c3f8308) 
thrown [s\open\src\hotspot\share\interpreter\linkResolver.cpp, line 773]
Event: 0.422 Thread 0x00000229a7e751a0 Exception <a 'java/lang/NoSuchMethodError'{0x000000008c203568}: 'java.lang.Object java.lang.invoke.DirectMethodHandle$Holder.invokeInterface(java.lang.Object, java.lang.Object, java.lang.Object)'> (0x000000008c203568) 
thrown [s\open\src\hotspot\share\interpreter\linkResolver.cpp, line 773]
Event: 0.637 Thread 0x00000229a7e751a0 Exception <a 'java/lang/NoSuchMethodError'{0x000000008c1d9360}: 'void java.lang.invoke.DirectMethodHandle$Holder.invokeStatic(java.lang.Object, java.lang.Object, java.lang.Object)'> (0x000000008c1d9360) 
thrown [s\open\src\hotspot\share\interpreter\linkResolver.cpp, line 773]
Event: 0.650 Thread 0x00000229a7e751a0 Exception <a 'java/lang/NoSuchMethodError'{0x000000008c003c48}: 'java.lang.Object java.lang.invoke.Invokers$Holder.invokeExact_MT(java.lang.Object, java.lang.Object, java.lang.Object, java.lang.Object, java.lang.Object)'> (0x000000008c003c48) 
thrown [s\open\src\hotspot\share\interpreter\linkResolver.cpp, line 773]
Event: 0.712 Thread 0x00000229a7e751a0 Exception <a 'java/lang/NoSuchMethodError'{0x000000008bf077d0}: 'void java.lang.invoke.DirectMethodHandle$Holder.invokeStatic(java.lang.Object, java.lang.Object, java.lang.Object, java.lang.Object)'> (0x000000008bf077d0) 
thrown [s\open\src\hotspot\share\interpreter\linkResolver.cpp, line 773]
Event: 0.713 Thread 0x00000229a7e751a0 Exception <a 'java/lang/NoSuchMethodError'{0x000000008bf0b470}: 'void java.lang.invoke.DirectMethodHandle$Holder.invokeSpecial(java.lang.Object, java.lang.Object, java.lang.Object, java.lang.Object, java.lang.Object)'> (0x000000008bf0b470) 
thrown [s\open\src\hotspot\share\interpreter\linkResolver.cpp, line 773]
Event: 0.726 Thread 0x00000229a7e751a0 Exception <a 'java/lang/NoSuchMethodError'{0x000000008bf28c08}: 'java.lang.Object java.lang.invoke.Invokers$Holder.invokeExact_MT(java.lang.Object, java.lang.Object, java.lang.Object, java.lang.Object, java.lang.Object, java.lang.Object)'> (0x000000008bf28c08) 
thrown [s\open\src\hotspot\share\interpreter\linkResolver.cpp, line 773]
Event: 0.742 Thread 0x00000229a7e751a0 Exception <a 'java/lang/NoSuchMethodError'{0x000000008bf3e4b0}: 'void java.lang.invoke.DirectMethodHandle$Holder.invokeStatic(java.lang.Object, java.lang.Object)'> (0x000000008bf3e4b0) 
thrown [s\open\src\hotspot\share\interpreter\linkResolver.cpp, line 773]

ZGC Phase Switch (0 events):
No events

VM Operations (8 events):
Event: 0.463 Executing VM operation: HandshakeAllThreads (Deoptimize)
Event: 0.463 Executing VM operation: HandshakeAllThreads (Deoptimize) done
Event: 0.464 Executing VM operation: HandshakeAllThreads (Deoptimize)
Event: 0.464 Executing VM operation: HandshakeAllThreads (Deoptimize) done
Event: 0.624 Executing VM operation: ChangeBreakpoints
Event: 0.624 Executing VM operation: ChangeBreakpoints done
Event: 0.629 Executing VM operation: ChangeBreakpoints
Event: 0.629 Executing VM operation: ChangeBreakpoints done

Events (16 events):
Event: 0.093 Thread 0x00000229a7e751a0 Thread added: 0x00000229a7e751a0
Event: 0.131 Thread 0x00000229c693b630 Thread added: 0x00000229c693b630
Event: 0.132 Thread 0x00000229c693c850 Thread added: 0x00000229c693c850
Event: 0.133 Thread 0x00000229c693f2c0 Thread added: 0x00000229c693f2c0
Event: 0.133 Thread 0x00000229c693fe10 Thread added: 0x00000229c693fe10
Event: 0.133 Thread 0x00000229c6940960 Thread added: 0x00000229c6940960
Event: 0.133 Thread 0x00000229c69414b0 Thread added: 0x00000229c69414b0
Event: 0.133 Thread 0x00000229c6943380 Thread added: 0x00000229c6943380
Event: 0.134 Thread 0x00000229c6950470 Thread added: 0x00000229c6950470
Event: 0.200 Thread 0x00000229c6b482a0 Thread added: 0x00000229c6b482a0
Event: 0.323 Thread 0x00000229c6c3b0a0 Thread added: 0x00000229c6c3b0a0
Event: 0.324 Thread 0x00000229c6c3b750 Thread added: 0x00000229c6c3b750
Event: 0.508 Thread 0x0000022a0c5c2440 Thread added: 0x0000022a0c5c2440
Event: 0.509 Thread 0x0000022a0c6d9710 Thread added: 0x0000022a0c6d9710
Event: 0.509 Thread 0x0000022a0c564ce0 Thread added: 0x0000022a0c564ce0
Event: 0.667 Thread 0x0000022a0c6d5060 Thread added: 0x0000022a0c6d5060


Dynamic libraries:
0x00007ff666d30000 - 0x00007ff666d3e000 	C:\Users\match\.jdks\openjdk-21.0.2\bin\java.exe
0x00007ffd202d0000 - 0x00007ffd204e7000 	C:\WINDOWS\SYSTEM32\ntdll.dll
0x00007ffd1edc0000 - 0x00007ffd1ee84000 	C:\WINDOWS\System32\KERNEL32.DLL
0x00007ffd1d5f0000 - 0x00007ffd1d997000 	C:\WINDOWS\System32\KERNELBASE.dll
0x00007ffd1db10000 - 0x00007ffd1dc21000 	C:\WINDOWS\System32\ucrtbase.dll
0x00007ffd0a270000 - 0x00007ffd0a288000 	C:\Users\match\.jdks\openjdk-21.0.2\bin\jli.dll
0x00007ffd0a250000 - 0x00007ffd0a26b000 	C:\Users\match\.jdks\openjdk-21.0.2\bin\VCRUNTIME140.dll
0x00007ffd1fc00000 - 0x00007ffd1fdae000 	C:\WINDOWS\System32\USER32.dll
0x00007ffd1dc30000 - 0x00007ffd1dc56000 	C:\WINDOWS\System32\win32u.dll
0x00007ffd1e780000 - 0x00007ffd1e7a9000 	C:\WINDOWS\System32\GDI32.dll
0x00007ffd04ff0000 - 0x00007ffd05283000 	C:\WINDOWS\WinSxS\amd64_microsoft.windows.common-controls_6595b64144ccf1df_6.0.22621.3527_none_270e469b73872a76\COMCTL32.dll
0x00007ffd1ddc0000 - 0x00007ffd1ded9000 	C:\WINDOWS\System32\gdi32full.dll
0x00007ffd1e610000 - 0x00007ffd1e6b7000 	C:\WINDOWS\System32\msvcrt.dll
0x00007ffd1dee0000 - 0x00007ffd1df7a000 	C:\WINDOWS\System32\msvcp_win.dll
0x00007ffd1f190000 - 0x00007ffd1f1c1000 	C:\WINDOWS\System32\IMM32.DLL
0x00007ffd15ea0000 - 0x00007ffd15eac000 	C:\Users\match\.jdks\openjdk-21.0.2\bin\vcruntime140_1.dll
0x00007ffd0a100000 - 0x00007ffd0a18e000 	C:\Users\match\.jdks\openjdk-21.0.2\bin\msvcp140.dll
0x00007ffc90840000 - 0x00007ffc91557000 	C:\Users\match\.jdks\openjdk-21.0.2\bin\server\jvm.dll
0x00007ffd1e6c0000 - 0x00007ffd1e772000 	C:\WINDOWS\System32\ADVAPI32.dll
0x00007ffd1fb50000 - 0x00007ffd1fbf8000 	C:\WINDOWS\System32\sechost.dll
0x00007ffd1dd90000 - 0x00007ffd1ddb8000 	C:\WINDOWS\System32\bcrypt.dll
0x00007ffd1f070000 - 0x00007ffd1f185000 	C:\WINDOWS\System32\RPCRT4.dll
0x00007ffd1f1d0000 - 0x00007ffd1f241000 	C:\WINDOWS\System32\WS2_32.dll
0x00007ffd1c470000 - 0x00007ffd1c4bd000 	C:\WINDOWS\SYSTEM32\POWRPROF.dll
0x00007ffd12da0000 - 0x00007ffd12dd4000 	C:\WINDOWS\SYSTEM32\WINMM.dll
0x00007ffd133d0000 - 0x00007ffd133da000 	C:\WINDOWS\SYSTEM32\VERSION.dll
0x00007ffd1c450000 - 0x00007ffd1c463000 	C:\WINDOWS\SYSTEM32\UMPDC.dll
0x00007ffd1c660000 - 0x00007ffd1c678000 	C:\WINDOWS\SYSTEM32\kernel.appcore.dll
0x00007ffd13a20000 - 0x00007ffd13a2a000 	C:\Users\match\.jdks\openjdk-21.0.2\bin\jimage.dll
0x00007ffd1af20000 - 0x00007ffd1b152000 	C:\WINDOWS\SYSTEM32\DBGHELP.DLL
0x00007ffd1e7b0000 - 0x00007ffd1eb38000 	C:\WINDOWS\System32\combase.dll
0x00007ffd1ef90000 - 0x00007ffd1f067000 	C:\WINDOWS\System32\OLEAUT32.dll
0x00007ffcef5f0000 - 0x00007ffcef622000 	C:\WINDOWS\SYSTEM32\dbgcore.DLL
0x00007ffd1df80000 - 0x00007ffd1dff9000 	C:\WINDOWS\System32\bcryptPrimitives.dll
0x00007ffd13c50000 - 0x00007ffd13c8c000 	C:\Users\match\.jdks\openjdk-21.0.2\bin\jdwp.dll
0x00007ffd17d20000 - 0x00007ffd17d2f000 	C:\Users\match\.jdks\openjdk-21.0.2\bin\instrument.dll
0x00007ffd0a230000 - 0x00007ffd0a24f000 	C:\Users\match\.jdks\openjdk-21.0.2\bin\java.dll
0x00007ffd0a0c0000 - 0x00007ffd0a0d8000 	C:\Users\match\.jdks\openjdk-21.0.2\bin\zip.dll
0x00007ffd1f270000 - 0x00007ffd1facc000 	C:\WINDOWS\System32\SHELL32.dll
0x00007ffd1b530000 - 0x00007ffd1be26000 	C:\WINDOWS\SYSTEM32\windows.storage.dll
0x00007ffd1b3f0000 - 0x00007ffd1b52e000 	C:\WINDOWS\SYSTEM32\wintypes.dll
0x00007ffd1e080000 - 0x00007ffd1e175000 	C:\WINDOWS\System32\SHCORE.dll
0x00007ffd1eb40000 - 0x00007ffd1eb9e000 	C:\WINDOWS\System32\shlwapi.dll
0x00007ffd1d520000 - 0x00007ffd1d541000 	C:\WINDOWS\SYSTEM32\profapi.dll
0x00007ffd08cb0000 - 0x00007ffd08d87000 	C:\Users\match\.jdks\openjdk-21.0.2\bin\jsvml.dll
0x00007ffd0a220000 - 0x00007ffd0a230000 	C:\Users\match\.jdks\openjdk-21.0.2\bin\net.dll
0x00007ffd14870000 - 0x00007ffd149a6000 	C:\WINDOWS\SYSTEM32\WINHTTP.dll
0x00007ffd1cb70000 - 0x00007ffd1cbd9000 	C:\WINDOWS\system32\mswsock.dll
0x00007ffd0a0e0000 - 0x00007ffd0a0f6000 	C:\Users\match\.jdks\openjdk-21.0.2\bin\nio.dll
0x00007ffd15ed0000 - 0x00007ffd15edc000 	C:\Users\match\.jdks\openjdk-21.0.2\bin\dt_socket.dll
0x00007ffd1c100000 - 0x00007ffd1c12d000 	C:\WINDOWS\SYSTEM32\IPHLPAPI.DLL

dbghelp: loaded successfully - version: 4.0.5 - missing functions: none
symbol engine: initialized successfully - sym options: 0x614 - pdb path: .;C:\Users\match\.jdks\openjdk-21.0.2\bin;C:\WINDOWS\SYSTEM32;C:\WINDOWS\WinSxS\amd64_microsoft.windows.common-controls_6595b64144ccf1df_6.0.22621.3527_none_270e469b73872a76;C:\Users\match\.jdks\openjdk-21.0.2\bin\server

VM Arguments:
jvm_args: -agentlib:jdwp=transport=dt_socket,address=127.0.0.1:50933,suspend=y,server=n -javaagent:C:\Users\match\AppData\Local\JetBrains\IntelliJIdea2024.1\captureAgent\debugger-agent.jar -Dfile.encoding=UTF-8 -Dsun.stdout.encoding=UTF-8 -Dsun.stderr.encoding=UTF-8 --module-path=C:\Users\match\.m2\repository\org\openjfx\javafx-graphics\21\javafx-graphics-21-win.jar;C:\Users\match\.m2\repository\org\openjfx\javafx-base\21\javafx-base-21-win.jar;C:\1Tugass\SEMESTER 2\PRAK PBO\CODELAB_MODUL_6\target\classes;C:\Users\match\.m2\repository\org\openjfx\javafx-fxml\21\javafx-fxml-21-win.jar;C:\Users\match\.m2\repository\org\openjfx\javafx-controls\21\javafx-controls-21-win.jar -Djdk.module.main=org.example.codelab_modul_6 
java_command: org.example.codelab_modul_6/org.example.codelab_modul_6.FormLogin
java_class_path (initial): C:\Users\match\.m2\repository\org\openjfx\javafx-controls\21\javafx-controls-21.jar;C:\Users\match\.m2\repository\org\openjfx\javafx-graphics\21\javafx-graphics-21.jar;C:\Users\match\.m2\repository\org\openjfx\javafx-base\21\javafx-base-21.jar;C:\Users\match\.m2\repository\org\openjfx\javafx-fxml\21\javafx-fxml-21.jar;C:\Program Files\JetBrains\IntelliJ IDEA 2023.3.2\lib\idea_rt.jar
Launcher Type: SUN_STANDARD

[Global flags]
     intx CICompilerCount                          = 4                                         {product} {ergonomic}
     uint ConcGCThreads                            = 2                                         {product} {ergonomic}
     uint G1ConcRefinementThreads                  = 8                                         {product} {ergonomic}
   size_t G1HeapRegionSize                         = 1048576                                   {product} {ergonomic}
    uintx GCDrainStackTargetSize                   = 64                                        {product} {ergonomic}
   size_t InitialHeapSize                          = 130023424                                 {product} {ergonomic}
   size_t MarkStackSize                            = 4194304                                   {product} {ergonomic}
   size_t MaxHeapSize                              = 2067791872                                {product} {ergonomic}
   size_t MaxNewSize                               = 1240465408                                {product} {ergonomic}
   size_t MinHeapDeltaBytes                        = 1048576                                   {product} {ergonomic}
   size_t MinHeapSize                              = 8388608                                   {product} {ergonomic}
    uintx NonNMethodCodeHeapSize                   = 5839372                                {pd product} {ergonomic}
    uintx NonProfiledCodeHeapSize                  = 122909434                              {pd product} {ergonomic}
    uintx ProfiledCodeHeapSize                     = 122909434                              {pd product} {ergonomic}
    uintx ReservedCodeCacheSize                    = 251658240                              {pd product} {ergonomic}
     bool SegmentedCodeCache                       = true                                      {product} {ergonomic}
   size_t SoftMaxHeapSize                          = 2067791872                             {manageable} {ergonomic}
     bool UseCompressedOops                        = true                           {product lp64_product} {ergonomic}
     bool UseG1GC                                  = true                                      {product} {ergonomic}
     bool UseLargePagesIndividualAllocation        = false                                  {pd product} {ergonomic}

Logging:
Log output configuration:
 #0: stdout all=warning uptime,level,tags foldmultilines=false
 #1: stderr all=off uptime,level,tags foldmultilines=false

Environment Variables:
JAVA_HOME=C:\Program Files\Java\javafx-sdk-22.0.0.10
PATH=c:\Users\match\AppData\Local\Programs\cursor\resources\app\bin;C:\Program Files\Eclipse Adoptium\jdk-21.0.2.13-hotspot\bin;C:\Program Files\Common Files\Oracle\Java\javapath;C:\Program Files (x86)\Falcon\MinGW\bin;C:\Windows\system32;C:\Windows;C:\Windows\System32\Wbem;C:\Windows\System32\WindowsPowerShell\v1.0\;C:\Windows\System32\OpenSSH\;C:\WINDOWS\system32;C:\WINDOWS;C:\WINDOWS\System32\Wbem;C:\WINDOWS\System32\WindowsPowerShell\v1.0\;C:\WINDOWS\System32\OpenSSH\;C:\MinGW\bin;C:\Program Files\Git\cmd;C:\Users\match\AppData\Local\Microsoft\WindowsApps;C:\Program Files\JetBrains\IntelliJ IDEA 2023.3.2\bin;C:\Program Files\JetBrains\IntelliJ IDEA Community Edition 2023.3.2\bin;C:\Program Files (x86)\Nmap;C:\adb;C:\Users\match\AppData\Local\Programs\Python\Python37\;C:\Users\match\AppData\Local\Programs\Python\Python37\Scripts\;C:\Users\match\AppData\Local\Programs\Python\Python37\;C:\Users\match\AppData\Local\Microsoft\WindowsApps;C:\MinGW\bin;C:\Program Files\JetBrains\IntelliJ IDEA 2023.3.2\bin;C:\Program;c:\Users\match\AppData\Local\Programs\cursor\resources\app\bin;C:\Users\match\AppData\Local\Programs\Python\Python37\Scripts\;C:\Users\match\AppData\Local\Programs\Python\Python37\;C:\Users\match\AppData\Local\Microsoft\WindowsApps;C:\MinGW\bin;C:\Program Files\JetBrains\IntelliJ IDEA 2023.3.2\bin;;C:\Program Files\JetBrains\IntelliJ IDEA Community Edition 2023.3.2\bin;;C:\Program Files (x86)\Nmap;C:\Users\match\AppData\Local\spicetify
USERNAME=match
OS=Windows_NT
PROCESSOR_IDENTIFIER=Intel64 Family 6 Model 140 Stepping 1, GenuineIntel
TMP=C:\Users\match\AppData\Local\Temp
TEMP=C:\Users\match\AppData\Local\Temp




Periodic native trim disabled

---------------  S Y S T E M  ---------------

OS:
 Windows 11 , 64 bit Build 22621 (10.0.22621.3527)
OS uptime: 0 days 8:27 hours

CPU: total 8 (initial active 8) (4 cores per cpu, 2 threads per core) family 6 model 140 stepping 1 microcode 0x86, cx8, cmov, fxsr, ht, mmx, 3dnowpref, sse, sse2, sse3, ssse3, sse4.1, sse4.2, popcnt, lzcnt, tsc, tscinvbit, avx, avx2, aes, erms, clmul, bmi1, bmi2, adx, avx512f, avx512dq, avx512cd, avx512bw, avx512vl, sha, fma, vzeroupper, avx512_vpopcntdq, avx512_vpclmulqdq, avx512_vaes, avx512_vnni, clflush, clflushopt, clwb, avx512_vbmi2, avx512_vbmi, rdtscp, rdpid, fsrm, gfni, avx512_bitalg, f16c, pku, cet_ibt, cet_ss, avx512_ifma
Processor Information for all 8 processors :
  Max Mhz: 2419, Current Mhz: 2419, Mhz Limit: 2419

Memory: 4k page, system-wide physical 7884M (553M free)
TotalPageFile size 16076M (AvailPageFile size 4M)
current process WorkingSet (physical memory assigned to process): 63M, peak: 63M
current process commit charge ("private bytes"): 221M, peak: 222M

vm_info: OpenJDK 64-Bit Server VM (21.0.2+13-58) for windows-amd64 JRE (21.0.2+13-58), built on 2024-01-05T18:32:24Z by "mach5one" with MS VC++ 17.1 (VS2022)

END.
